c:\users\alfredo.sosa\desktop\alfredi\utad\ingenieriasoftware\skeleton2flygweight\skeleton\skeleton\swalib_example\swalib_example\x64\debug\vc142.pdb
c:\users\alfredo.sosa\desktop\alfredi\utad\ingenieriasoftware\skeleton2flygweight\skeleton\skeleton\swalib_example\swalib_example\x64\debug\vc142.idb
c:\users\alfredo.sosa\desktop\alfredi\utad\ingenieriasoftware\skeleton2flygweight\skeleton\skeleton\swalib_example\swalib_example\x64\debug\render.obj
c:\users\alfredo.sosa\desktop\alfredi\utad\ingenieriasoftware\skeleton2flygweight\skeleton\skeleton\swalib_example\swalib_example\x64\debug\global.obj
c:\users\alfredo.sosa\desktop\alfredi\utad\ingenieriasoftware\skeleton2flygweight\skeleton\skeleton\swalib_example\swalib_example\x64\debug\sys_win.obj
c:\users\alfredo.sosa\desktop\alfredi\utad\ingenieriasoftware\skeleton2flygweight\skeleton\skeleton\swalib_example\swalib_example\x64\debug\stdafx.obj
c:\users\alfredo.sosa\desktop\alfredi\utad\ingenieriasoftware\skeleton2flygweight\skeleton\skeleton\swalib_example\swalib_example\x64\debug\lodepng.obj
c:\users\alfredo.sosa\desktop\alfredi\utad\ingenieriasoftware\skeleton2flygweight\skeleton\skeleton\swalib_example\swalib_example\x64\debug\font.obj
c:\users\alfredo.sosa\desktop\alfredi\utad\ingenieriasoftware\skeleton2flygweight\skeleton\skeleton\swalib_example\swalib_example\x64\debug\example.obj
c:\users\alfredo.sosa\desktop\alfredi\utad\ingenieriasoftware\skeleton2flygweight\skeleton\skeleton\swalib_example\swalib_example\x64\debug\core.obj
c:\users\alfredo.sosa\desktop\alfredi\utad\ingenieriasoftware\skeleton2flygweight\skeleton\skeleton\swalib_example\swalib_example\x64\debug\logic.obj
c:\users\alfredo.sosa\desktop\alfredi\utad\ingenieriasoftware\skeleton2flygweight\skeleton\skeleton\swalib_example\swalib_example\x64\debug\swalib_example.ilk
c:\users\alfredo.sosa\desktop\alfredi\utad\ingenieriasoftware\skeleton2flygweight\skeleton\skeleton\swalib_example\x64\debug\swalib_example.exe
c:\users\alfredo.sosa\desktop\alfredi\utad\ingenieriasoftware\skeleton2flygweight\skeleton\skeleton\swalib_example\x64\debug\swalib_example.pdb
c:\users\alfredo.sosa\desktop\alfredi\utad\ingenieriasoftware\skeleton2flygweight\skeleton\skeleton\swalib_example\swalib_example\x64\debug\swalib_example.tlog\cl.command.1.tlog
c:\users\alfredo.sosa\desktop\alfredi\utad\ingenieriasoftware\skeleton2flygweight\skeleton\skeleton\swalib_example\swalib_example\x64\debug\swalib_example.tlog\cl.read.1.tlog
c:\users\alfredo.sosa\desktop\alfredi\utad\ingenieriasoftware\skeleton2flygweight\skeleton\skeleton\swalib_example\swalib_example\x64\debug\swalib_example.tlog\cl.write.1.tlog
c:\users\alfredo.sosa\desktop\alfredi\utad\ingenieriasoftware\skeleton2flygweight\skeleton\skeleton\swalib_example\swalib_example\x64\debug\swalib_example.tlog\link.command.1.tlog
c:\users\alfredo.sosa\desktop\alfredi\utad\ingenieriasoftware\skeleton2flygweight\skeleton\skeleton\swalib_example\swalib_example\x64\debug\swalib_example.tlog\link.read.1.tlog
c:\users\alfredo.sosa\desktop\alfredi\utad\ingenieriasoftware\skeleton2flygweight\skeleton\skeleton\swalib_example\swalib_example\x64\debug\swalib_example.tlog\link.write.1.tlog
